<?xml version="1.0" encoding="UTF-8"?>
<testng-results skipped="0" failed="0" ignored="0" total="1" passed="1">
  <reporter-output>
  </reporter-output>
  <suite name="Default suite" duration-ms="50150" started-at="2020-04-25T19:33:57Z" finished-at="2020-04-25T19:34:47Z">
    <groups>
    </groups>
    <test name="Default test" duration-ms="50150" started-at="2020-04-25T19:33:57Z" finished-at="2020-04-25T19:34:47Z">
      <class name="org.excel.project1">
        <test-method status="PASS" signature="browser()[pri:0, instance:org.excel.project1@59fa1d9b]" name="browser" duration-ms="50053" started-at="2020-04-25T19:33:57Z" finished-at="2020-04-25T19:34:47Z">
          <reporter-output>
          </reporter-output>
        </test-method> <!-- browser -->
      </class> <!-- org.excel.project1 -->
    </test> <!-- Default test -->
  </suite> <!-- Default suite -->
</testng-results>
